2020-12-20 00:00:02,979 INFO 56784 [Job#160839360297860921942421053529] /Users/Witte/Desktop/project/react-egg/server/app/schedule/get_info.js executing by app
2020-12-20 00:00:02,979 INFO 56784 [Job#160839360297860921942421053529] /Users/Witte/Desktop/project/react-egg/server/app/schedule/get_info.js execute succeed, used 0ms. 
2020-12-20 00:00:02,978 INFO 56770 [Timer] /Users/Witte/Desktop/project/react-egg/server/app/schedule/get_info.js next time will execute after 3000ms at 2020-12-20 00:00:05.978
2020-12-20 00:00:05,982 INFO 56784 [Job#160839360598260922242795653330] /Users/Witte/Desktop/project/react-egg/server/app/schedule/get_info.js executing by app
2020-12-20 00:00:05,983 INFO 56784 [Job#160839360598260922242795653330] /Users/Witte/Desktop/project/react-egg/server/app/schedule/get_info.js execute succeed, used 1ms. 
2020-12-20 00:00:05,982 INFO 56770 [Timer] /Users/Witte/Desktop/project/react-egg/server/app/schedule/get_info.js next time will execute after 3000ms at 2020-12-20 00:00:08.982
2020-12-20 00:00:08,984 INFO 56784 [Job#160839360898460922542962826531] /Users/Witte/Desktop/project/react-egg/server/app/schedule/get_info.js executing by app
2020-12-20 00:00:08,984 INFO 56784 [Job#160839360898460922542962826531] /Users/Witte/Desktop/project/react-egg/server/app/schedule/get_info.js execute succeed, used 0ms. 
2020-12-20 00:00:08,984 INFO 56770 [Timer] /Users/Witte/Desktop/project/react-egg/server/app/schedule/get_info.js next time will execute after 3000ms at 2020-12-20 00:00:11.984
2020-12-20 00:00:11,990 INFO 56784 [Job#160839361199060922843553511432] /Users/Witte/Desktop/project/react-egg/server/app/schedule/get_info.js executing by app
2020-12-20 00:00:11,990 INFO 56784 [Job#160839361199060922843553511432] /Users/Witte/Desktop/project/react-egg/server/app/schedule/get_info.js execute succeed, used 0ms. 
2020-12-20 00:00:11,990 INFO 56770 [Timer] /Users/Witte/Desktop/project/react-egg/server/app/schedule/get_info.js next time will execute after 3000ms at 2020-12-20 00:00:14.990
2020-12-20 00:00:14,994 INFO 56784 [Job#160839361499360923143912411933] /Users/Witte/Desktop/project/react-egg/server/app/schedule/get_info.js executing by app
2020-12-20 00:00:14,994 INFO 56784 [Job#160839361499360923143912411933] /Users/Witte/Desktop/project/react-egg/server/app/schedule/get_info.js execute succeed, used 0ms. 
2020-12-20 00:00:14,993 INFO 56770 [Timer] /Users/Witte/Desktop/project/react-egg/server/app/schedule/get_info.js next time will execute after 3000ms at 2020-12-20 00:00:17.993
2020-12-20 00:00:17,997 INFO 56784 [Job#160839361799660923444164019334] /Users/Witte/Desktop/project/react-egg/server/app/schedule/get_info.js executing by app
2020-12-20 00:00:17,997 INFO 56784 [Job#160839361799660923444164019334] /Users/Witte/Desktop/project/react-egg/server/app/schedule/get_info.js execute succeed, used 0ms. 
2020-12-20 00:00:17,996 INFO 56770 [Timer] /Users/Witte/Desktop/project/react-egg/server/app/schedule/get_info.js next time will execute after 3000ms at 2020-12-20 00:00:20.996
2020-12-20 00:00:21,005 INFO 56784 [Job#160839362100360923744867509735] /Users/Witte/Desktop/project/react-egg/server/app/schedule/get_info.js executing by app
2020-12-20 00:00:21,005 INFO 56784 [Job#160839362100360923744867509735] /Users/Witte/Desktop/project/react-egg/server/app/schedule/get_info.js execute succeed, used 0ms. 
2020-12-20 00:00:21,005 INFO 56770 [Timer] /Users/Witte/Desktop/project/react-egg/server/app/schedule/get_info.js next time will execute after 3000ms at 2020-12-20 00:00:24.004
2020-12-20 00:00:24,006 INFO 56784 [Job#160839362400560924045064183636] /Users/Witte/Desktop/project/react-egg/server/app/schedule/get_info.js executing by app
2020-12-20 00:00:24,007 INFO 56784 [Job#160839362400560924045064183636] /Users/Witte/Desktop/project/react-egg/server/app/schedule/get_info.js execute succeed, used 1ms. 
2020-12-20 00:00:24,005 INFO 56770 [Timer] /Users/Witte/Desktop/project/react-egg/server/app/schedule/get_info.js next time will execute after 3000ms at 2020-12-20 00:00:27.005
2020-12-20 00:00:27,009 INFO 56784 [Job#160839362700860924345355841437] /Users/Witte/Desktop/project/react-egg/server/app/schedule/get_info.js executing by app
2020-12-20 00:00:27,009 INFO 56784 [Job#160839362700860924345355841437] /Users/Witte/Desktop/project/react-egg/server/app/schedule/get_info.js execute succeed, used 0ms. 
2020-12-20 00:00:27,008 INFO 56770 [Timer] /Users/Witte/Desktop/project/react-egg/server/app/schedule/get_info.js next time will execute after 3000ms at 2020-12-20 00:00:30.008
2020-12-20 00:00:30,012 INFO 56784 [Job#160839363001160924645592385638] /Users/Witte/Desktop/project/react-egg/server/app/schedule/get_info.js executing by app
2020-12-20 00:00:30,012 INFO 56784 [Job#160839363001160924645592385638] /Users/Witte/Desktop/project/react-egg/server/app/schedule/get_info.js execute succeed, used 0ms. 
2020-12-20 00:00:30,011 INFO 56770 [Timer] /Users/Witte/Desktop/project/react-egg/server/app/schedule/get_info.js next time will execute after 3000ms at 2020-12-20 00:00:33.011
2020-12-20 00:00:33,015 INFO 56784 [Job#160839363301360924945829910839] /Users/Witte/Desktop/project/react-egg/server/app/schedule/get_info.js executing by app
2020-12-20 00:00:33,015 INFO 56784 [Job#160839363301360924945829910839] /Users/Witte/Desktop/project/react-egg/server/app/schedule/get_info.js execute succeed, used 0ms. 
2020-12-20 00:00:33,013 INFO 56770 [Timer] /Users/Witte/Desktop/project/react-egg/server/app/schedule/get_info.js next time will execute after 3000ms at 2020-12-20 00:00:36.013
2020-12-20 00:00:36,019 INFO 56784 [Job#160839363601860925246301056440] /Users/Witte/Desktop/project/react-egg/server/app/schedule/get_info.js executing by app
2020-12-20 00:00:36,019 INFO 56784 [Job#160839363601860925246301056440] /Users/Witte/Desktop/project/react-egg/server/app/schedule/get_info.js execute succeed, used 0ms. 
2020-12-20 00:00:36,018 INFO 56770 [Timer] /Users/Witte/Desktop/project/react-egg/server/app/schedule/get_info.js next time will execute after 3000ms at 2020-12-20 00:00:39.018
2020-12-20 00:00:39,023 INFO 56784 [Job#160839363902260925546729468341] /Users/Witte/Desktop/project/react-egg/server/app/schedule/get_info.js executing by app
2020-12-20 00:00:39,023 INFO 56784 [Job#160839363902260925546729468341] /Users/Witte/Desktop/project/react-egg/server/app/schedule/get_info.js execute succeed, used 0ms. 
2020-12-20 00:00:39,022 INFO 56770 [Timer] /Users/Witte/Desktop/project/react-egg/server/app/schedule/get_info.js next time will execute after 3000ms at 2020-12-20 00:00:42.022
2020-12-20 00:00:42,024 INFO 56784 [Job#160839364202460925846864800642] /Users/Witte/Desktop/project/react-egg/server/app/schedule/get_info.js executing by app
2020-12-20 00:00:42,024 INFO 56784 [Job#160839364202460925846864800642] /Users/Witte/Desktop/project/react-egg/server/app/schedule/get_info.js execute succeed, used 0ms. 
2020-12-20 00:00:42,024 INFO 56770 [Timer] /Users/Witte/Desktop/project/react-egg/server/app/schedule/get_info.js next time will execute after 3000ms at 2020-12-20 00:00:45.024
2020-12-20 00:00:45,029 INFO 56784 [Job#160839364502960926147343592543] /Users/Witte/Desktop/project/react-egg/server/app/schedule/get_info.js executing by app
2020-12-20 00:00:45,030 INFO 56784 [Job#160839364502960926147343592543] /Users/Witte/Desktop/project/react-egg/server/app/schedule/get_info.js execute succeed, used 1ms. 
2020-12-20 00:00:45,029 INFO 56770 [Timer] /Users/Witte/Desktop/project/react-egg/server/app/schedule/get_info.js next time will execute after 3000ms at 2020-12-20 00:00:48.029
2020-12-20 00:00:48,033 INFO 56784 [Job#160839364803360926447755903844] /Users/Witte/Desktop/project/react-egg/server/app/schedule/get_info.js executing by app
2020-12-20 00:00:48,034 INFO 56784 [Job#160839364803360926447755903844] /Users/Witte/Desktop/project/react-egg/server/app/schedule/get_info.js execute succeed, used 0ms. 
2020-12-20 00:00:48,033 INFO 56770 [Timer] /Users/Witte/Desktop/project/react-egg/server/app/schedule/get_info.js next time will execute after 3000ms at 2020-12-20 00:00:51.033
2020-12-20 00:00:51,034 INFO 56784 [Job#160839365103360926747785895645] /Users/Witte/Desktop/project/react-egg/server/app/schedule/get_info.js executing by app
2020-12-20 00:00:51,034 INFO 56784 [Job#160839365103360926747785895645] /Users/Witte/Desktop/project/react-egg/server/app/schedule/get_info.js execute succeed, used 0ms. 
2020-12-20 00:00:51,033 INFO 56770 [Timer] /Users/Witte/Desktop/project/react-egg/server/app/schedule/get_info.js next time will execute after 3000ms at 2020-12-20 00:00:54.033
2020-12-20 00:00:54,035 INFO 56784 [Job#160839365403460927047902010146] /Users/Witte/Desktop/project/react-egg/server/app/schedule/get_info.js executing by app
2020-12-20 00:00:54,035 INFO 56784 [Job#160839365403460927047902010146] /Users/Witte/Desktop/project/react-egg/server/app/schedule/get_info.js execute succeed, used 0ms. 
2020-12-20 00:00:54,035 INFO 56770 [Timer] /Users/Witte/Desktop/project/react-egg/server/app/schedule/get_info.js next time will execute after 3000ms at 2020-12-20 00:00:57.034
2020-12-20 00:00:57,039 INFO 56784 [Job#160839365703860927348293313147] /Users/Witte/Desktop/project/react-egg/server/app/schedule/get_info.js executing by app
2020-12-20 00:00:57,039 INFO 56784 [Job#160839365703860927348293313147] /Users/Witte/Desktop/project/react-egg/server/app/schedule/get_info.js execute succeed, used 0ms. 
2020-12-20 00:00:57,039 INFO 56770 [Timer] /Users/Witte/Desktop/project/react-egg/server/app/schedule/get_info.js next time will execute after 3000ms at 2020-12-20 00:01:00.039
2020-12-20 00:01:00,042 INFO 56784 [Job#160839366004060927648482686048] /Users/Witte/Desktop/project/react-egg/server/app/schedule/get_info.js executing by app
2020-12-20 00:01:00,042 INFO 56784 [Job#160839366004060927648482686048] /Users/Witte/Desktop/project/react-egg/server/app/schedule/get_info.js execute succeed, used 0ms. 
2020-12-20 00:01:00,041 INFO 56770 [Timer] /Users/Witte/Desktop/project/react-egg/server/app/schedule/get_info.js next time will execute after 3000ms at 2020-12-20 00:01:03.041
2020-12-20 00:01:03,047 INFO 56784 [Job#160839366304360927948694531749] /Users/Witte/Desktop/project/react-egg/server/app/schedule/get_info.js executing by app
2020-12-20 00:01:03,048 INFO 56784 [Job#160839366304360927948694531749] /Users/Witte/Desktop/project/react-egg/server/app/schedule/get_info.js execute succeed, used 0ms. 
2020-12-20 00:01:03,043 INFO 56770 [Timer] /Users/Witte/Desktop/project/react-egg/server/app/schedule/get_info.js next time will execute after 3000ms at 2020-12-20 00:01:06.043
2020-12-20 00:01:06,045 INFO 56784 [Job#160839366604460928248869858450] /Users/Witte/Desktop/project/react-egg/server/app/schedule/get_info.js executing by app
2020-12-20 00:01:06,045 INFO 56784 [Job#160839366604460928248869858450] /Users/Witte/Desktop/project/react-egg/server/app/schedule/get_info.js execute succeed, used 0ms. 
2020-12-20 00:01:06,045 INFO 56770 [Timer] /Users/Witte/Desktop/project/react-egg/server/app/schedule/get_info.js next time will execute after 3000ms at 2020-12-20 00:01:09.045
2020-12-20 00:01:09,047 INFO 56784 [Job#160839366904660928549028128151] /Users/Witte/Desktop/project/react-egg/server/app/schedule/get_info.js executing by app
2020-12-20 00:01:09,047 INFO 56784 [Job#160839366904660928549028128151] /Users/Witte/Desktop/project/react-egg/server/app/schedule/get_info.js execute succeed, used 0ms. 
2020-12-20 00:01:09,046 INFO 56770 [Timer] /Users/Witte/Desktop/project/react-egg/server/app/schedule/get_info.js next time will execute after 3000ms at 2020-12-20 00:01:12.046
2020-12-20 00:01:12,050 INFO 56784 [Job#160839367204760928849090572552] /Users/Witte/Desktop/project/react-egg/server/app/schedule/get_info.js executing by app
2020-12-20 00:01:12,050 INFO 56784 [Job#160839367204760928849090572552] /Users/Witte/Desktop/project/react-egg/server/app/schedule/get_info.js execute succeed, used 0ms. 
2020-12-20 00:01:12,047 INFO 56770 [Timer] /Users/Witte/Desktop/project/react-egg/server/app/schedule/get_info.js next time will execute after 3000ms at 2020-12-20 00:01:15.047
2020-12-20 00:01:15,050 INFO 56784 [Job#160839367504860929149160633153] /Users/Witte/Desktop/project/react-egg/server/app/schedule/get_info.js executing by app
2020-12-20 00:01:15,050 INFO 56784 [Job#160839367504860929149160633153] /Users/Witte/Desktop/project/react-egg/server/app/schedule/get_info.js execute succeed, used 0ms. 
2020-12-20 00:01:15,048 INFO 56770 [Timer] /Users/Witte/Desktop/project/react-egg/server/app/schedule/get_info.js next time will execute after 3000ms at 2020-12-20 00:01:18.048
2020-12-20 00:01:18,055 INFO 56784 [Job#160839367804960929449273091854] /Users/Witte/Desktop/project/react-egg/server/app/schedule/get_info.js executing by app
2020-12-20 00:01:18,057 INFO 56784 [Job#160839367804960929449273091854] /Users/Witte/Desktop/project/react-egg/server/app/schedule/get_info.js execute succeed, used 2ms. 
2020-12-20 00:01:18,049 INFO 56770 [Timer] /Users/Witte/Desktop/project/react-egg/server/app/schedule/get_info.js next time will execute after 3000ms at 2020-12-20 00:01:21.049
2020-12-20 00:01:21,069 INFO 56784 [Job#160839368105860929750183982455] /Users/Witte/Desktop/project/react-egg/server/app/schedule/get_info.js executing by app
2020-12-20 00:01:21,069 INFO 56784 [Job#160839368105860929750183982455] /Users/Witte/Desktop/project/react-egg/server/app/schedule/get_info.js execute succeed, used 0ms. 
2020-12-20 00:01:21,058 INFO 56770 [Timer] /Users/Witte/Desktop/project/react-egg/server/app/schedule/get_info.js next time will execute after 3000ms at 2020-12-20 00:01:24.058
2020-12-20 00:01:24,066 INFO 56784 [Job#160839368406260930050590843656] /Users/Witte/Desktop/project/react-egg/server/app/schedule/get_info.js executing by app
2020-12-20 00:01:24,066 INFO 56784 [Job#160839368406260930050590843656] /Users/Witte/Desktop/project/react-egg/server/app/schedule/get_info.js execute succeed, used 0ms. 
2020-12-20 00:01:24,062 INFO 56770 [Timer] /Users/Witte/Desktop/project/react-egg/server/app/schedule/get_info.js next time will execute after 3000ms at 2020-12-20 00:01:27.062
2020-12-20 00:01:27,066 INFO 56784 [Job#160839368706560930350867594657] /Users/Witte/Desktop/project/react-egg/server/app/schedule/get_info.js executing by app
2020-12-20 00:01:27,066 INFO 56784 [Job#160839368706560930350867594657] /Users/Witte/Desktop/project/react-egg/server/app/schedule/get_info.js execute succeed, used 0ms. 
2020-12-20 00:01:27,065 INFO 56770 [Timer] /Users/Witte/Desktop/project/react-egg/server/app/schedule/get_info.js next time will execute after 3000ms at 2020-12-20 00:01:30.065
2020-12-20 00:01:30,069 INFO 56784 [Job#160839369006860930651151838258] /Users/Witte/Desktop/project/react-egg/server/app/schedule/get_info.js executing by app
2020-12-20 00:01:30,069 INFO 56784 [Job#160839369006860930651151838258] /Users/Witte/Desktop/project/react-egg/server/app/schedule/get_info.js execute succeed, used 0ms. 
2020-12-20 00:01:30,068 INFO 56770 [Timer] /Users/Witte/Desktop/project/react-egg/server/app/schedule/get_info.js next time will execute after 3000ms at 2020-12-20 00:01:33.068
2020-12-20 00:01:33,076 INFO 56784 [Job#160839369307360930951685823859] /Users/Witte/Desktop/project/react-egg/server/app/schedule/get_info.js executing by app
2020-12-20 00:01:33,076 INFO 56784 [Job#160839369307360930951685823859] /Users/Witte/Desktop/project/react-egg/server/app/schedule/get_info.js execute succeed, used 0ms. 
2020-12-20 00:01:33,074 INFO 56770 [Timer] /Users/Witte/Desktop/project/react-egg/server/app/schedule/get_info.js next time will execute after 3000ms at 2020-12-20 00:01:36.074
2020-12-20 00:01:36,079 INFO 56784 [Job#160839369607860931252169493460] /Users/Witte/Desktop/project/react-egg/server/app/schedule/get_info.js executing by app
2020-12-20 00:01:36,079 INFO 56784 [Job#160839369607860931252169493460] /Users/Witte/Desktop/project/react-egg/server/app/schedule/get_info.js execute succeed, used 0ms. 
2020-12-20 00:01:36,079 INFO 56770 [Timer] /Users/Witte/Desktop/project/react-egg/server/app/schedule/get_info.js next time will execute after 3000ms at 2020-12-20 00:01:39.078
2020-12-20 00:01:39,086 INFO 56784 [Job#160839369908460931552762692461] /Users/Witte/Desktop/project/react-egg/server/app/schedule/get_info.js executing by app
2020-12-20 00:01:39,090 INFO 56784 [Job#160839369908460931552762692461] /Users/Witte/Desktop/project/react-egg/server/app/schedule/get_info.js execute succeed, used 4ms. 
2020-12-20 00:01:39,084 INFO 56770 [Timer] /Users/Witte/Desktop/project/react-egg/server/app/schedule/get_info.js next time will execute after 3000ms at 2020-12-20 00:01:42.084
2020-12-20 00:01:42,088 INFO 56784 [Job#160839370208760931853049926562] /Users/Witte/Desktop/project/react-egg/server/app/schedule/get_info.js executing by app
2020-12-20 00:01:42,088 INFO 56784 [Job#160839370208760931853049926562] /Users/Witte/Desktop/project/react-egg/server/app/schedule/get_info.js execute succeed, used 0ms. 
2020-12-20 00:01:42,087 INFO 56770 [Timer] /Users/Witte/Desktop/project/react-egg/server/app/schedule/get_info.js next time will execute after 3000ms at 2020-12-20 00:01:45.087
2020-12-20 00:01:45,090 INFO 56784 [Job#160839370508960932153186047063] /Users/Witte/Desktop/project/react-egg/server/app/schedule/get_info.js executing by app
2020-12-20 00:01:45,091 INFO 56784 [Job#160839370508960932153186047063] /Users/Witte/Desktop/project/react-egg/server/app/schedule/get_info.js execute succeed, used 1ms. 
2020-12-20 00:01:45,089 INFO 56770 [Timer] /Users/Witte/Desktop/project/react-egg/server/app/schedule/get_info.js next time will execute after 3000ms at 2020-12-20 00:01:48.089
2020-12-20 00:01:48,095 INFO 56784 [Job#160839370809260932453519665364] /Users/Witte/Desktop/project/react-egg/server/app/schedule/get_info.js executing by app
2020-12-20 00:01:48,095 INFO 56784 [Job#160839370809260932453519665364] /Users/Witte/Desktop/project/react-egg/server/app/schedule/get_info.js execute succeed, used 0ms. 
2020-12-20 00:01:48,092 INFO 56770 [Timer] /Users/Witte/Desktop/project/react-egg/server/app/schedule/get_info.js next time will execute after 3000ms at 2020-12-20 00:01:51.092
2020-12-20 00:01:51,095 INFO 56784 [Job#160839371109460932753653585865] /Users/Witte/Desktop/project/react-egg/server/app/schedule/get_info.js executing by app
2020-12-20 00:01:51,095 INFO 56784 [Job#160839371109460932753653585865] /Users/Witte/Desktop/project/react-egg/server/app/schedule/get_info.js execute succeed, used 0ms. 
2020-12-20 00:01:51,094 INFO 56770 [Timer] /Users/Witte/Desktop/project/react-egg/server/app/schedule/get_info.js next time will execute after 3000ms at 2020-12-20 00:01:54.094
2020-12-20 00:01:54,095 INFO 56784 [Job#160839371409460933053712087366] /Users/Witte/Desktop/project/react-egg/server/app/schedule/get_info.js executing by app
2020-12-20 00:01:54,096 INFO 56784 [Job#160839371409460933053712087366] /Users/Witte/Desktop/project/react-egg/server/app/schedule/get_info.js execute succeed, used 1ms. 
2020-12-20 00:01:54,095 INFO 56770 [Timer] /Users/Witte/Desktop/project/react-egg/server/app/schedule/get_info.js next time will execute after 3000ms at 2020-12-20 00:01:57.094
2020-12-20 00:01:57,098 INFO 56784 [Job#160839371709760933354021380567] /Users/Witte/Desktop/project/react-egg/server/app/schedule/get_info.js executing by app
2020-12-20 00:01:57,099 INFO 56784 [Job#160839371709760933354021380567] /Users/Witte/Desktop/project/react-egg/server/app/schedule/get_info.js execute succeed, used 1ms. 
2020-12-20 00:01:57,098 INFO 56770 [Timer] /Users/Witte/Desktop/project/react-egg/server/app/schedule/get_info.js next time will execute after 3000ms at 2020-12-20 00:02:00.098
2020-12-20 00:02:00,103 INFO 56784 [Job#160839372010260933654460311868] /Users/Witte/Desktop/project/react-egg/server/app/schedule/get_info.js executing by app
2020-12-20 00:02:00,103 INFO 56784 [Job#160839372010260933654460311868] /Users/Witte/Desktop/project/react-egg/server/app/schedule/get_info.js execute succeed, used 0ms. 
2020-12-20 00:02:00,102 INFO 56770 [Timer] /Users/Witte/Desktop/project/react-egg/server/app/schedule/get_info.js next time will execute after 3000ms at 2020-12-20 00:02:03.102
2020-12-20 00:02:03,107 INFO 56784 [Job#160839372310660933954904707369] /Users/Witte/Desktop/project/react-egg/server/app/schedule/get_info.js executing by app
2020-12-20 00:02:03,107 INFO 56784 [Job#160839372310660933954904707369] /Users/Witte/Desktop/project/react-egg/server/app/schedule/get_info.js execute succeed, used 0ms. 
2020-12-20 00:02:03,107 INFO 56770 [Timer] /Users/Witte/Desktop/project/react-egg/server/app/schedule/get_info.js next time will execute after 3000ms at 2020-12-20 00:02:06.107
2020-12-20 00:02:06,109 INFO 56784 [Job#160839372610860934255026411870] /Users/Witte/Desktop/project/react-egg/server/app/schedule/get_info.js executing by app
2020-12-20 00:02:06,109 INFO 56784 [Job#160839372610860934255026411870] /Users/Witte/Desktop/project/react-egg/server/app/schedule/get_info.js execute succeed, used 0ms. 
2020-12-20 00:02:06,108 INFO 56770 [Timer] /Users/Witte/Desktop/project/react-egg/server/app/schedule/get_info.js next time will execute after 3000ms at 2020-12-20 00:02:09.108
2020-12-20 00:02:09,113 INFO 56784 [Job#160839372911160934555379601971] /Users/Witte/Desktop/project/react-egg/server/app/schedule/get_info.js executing by app
2020-12-20 00:02:09,113 INFO 56784 [Job#160839372911160934555379601971] /Users/Witte/Desktop/project/react-egg/server/app/schedule/get_info.js execute succeed, used 0ms. 
2020-12-20 00:02:09,112 INFO 56770 [Timer] /Users/Witte/Desktop/project/react-egg/server/app/schedule/get_info.js next time will execute after 3000ms at 2020-12-20 00:02:12.112
2020-12-20 00:02:12,114 INFO 56784 [Job#160839373211460934855597557572] /Users/Witte/Desktop/project/react-egg/server/app/schedule/get_info.js executing by app
2020-12-20 00:02:12,115 INFO 56784 [Job#160839373211460934855597557572] /Users/Witte/Desktop/project/react-egg/server/app/schedule/get_info.js execute succeed, used 0ms. 
2020-12-20 00:02:12,114 INFO 56770 [Timer] /Users/Witte/Desktop/project/react-egg/server/app/schedule/get_info.js next time will execute after 3000ms at 2020-12-20 00:02:15.114
2020-12-20 00:02:15,119 INFO 56784 [Job#160839373511860935156061664173] /Users/Witte/Desktop/project/react-egg/server/app/schedule/get_info.js executing by app
2020-12-20 00:02:15,120 INFO 56784 [Job#160839373511860935156061664173] /Users/Witte/Desktop/project/react-egg/server/app/schedule/get_info.js execute succeed, used 1ms. 
2020-12-20 00:02:15,119 INFO 56770 [Timer] /Users/Witte/Desktop/project/react-egg/server/app/schedule/get_info.js next time will execute after 3000ms at 2020-12-20 00:02:18.119
2020-12-20 00:02:18,120 INFO 56784 [Job#160839373811960935456148860374] /Users/Witte/Desktop/project/react-egg/server/app/schedule/get_info.js executing by app
2020-12-20 00:02:18,120 INFO 56784 [Job#160839373811960935456148860374] /Users/Witte/Desktop/project/react-egg/server/app/schedule/get_info.js execute succeed, used 0ms. 
2020-12-20 00:02:18,120 INFO 56770 [Timer] /Users/Witte/Desktop/project/react-egg/server/app/schedule/get_info.js next time will execute after 3000ms at 2020-12-20 00:02:21.120
2020-12-20 00:02:21,124 INFO 56784 [Job#160839374112060935756229377675] /Users/Witte/Desktop/project/react-egg/server/app/schedule/get_info.js executing by app
2020-12-20 00:02:21,124 INFO 56784 [Job#160839374112060935756229377675] /Users/Witte/Desktop/project/react-egg/server/app/schedule/get_info.js execute succeed, used 0ms. 
2020-12-20 00:02:21,121 INFO 56770 [Timer] /Users/Witte/Desktop/project/react-egg/server/app/schedule/get_info.js next time will execute after 3000ms at 2020-12-20 00:02:24.121
2020-12-20 00:02:21,336 INFO 57043 [egg-schedule]: register schedule /Users/Witte/Desktop/project/react-egg/server/node_modules/egg-multipart/app/schedule/clean_tmpdir.js
2020-12-20 00:02:21,336 INFO 57043 [egg-schedule]: register schedule /Users/Witte/Desktop/project/react-egg/server/node_modules/egg-logrotator/app/schedule/clean_log.js
2020-12-20 00:02:21,336 INFO 57043 [egg-schedule]: register schedule /Users/Witte/Desktop/project/react-egg/server/node_modules/egg-logrotator/app/schedule/rotate_by_file.js
2020-12-20 00:02:21,336 INFO 57043 [egg-schedule]: register schedule /Users/Witte/Desktop/project/react-egg/server/app/schedule/get_info.js
2020-12-20 00:02:24,125 INFO 57043 [Job#160839374412360936056453409776] /Users/Witte/Desktop/project/react-egg/server/app/schedule/get_info.js executing by app
2020-12-20 00:02:24,127 INFO 57043 [Job#160839374412360936056453409776] /Users/Witte/Desktop/project/react-egg/server/app/schedule/get_info.js execute succeed, used 1ms. 
2020-12-20 00:02:24,123 INFO 56770 [Timer] /Users/Witte/Desktop/project/react-egg/server/app/schedule/get_info.js next time will execute after 3000ms at 2020-12-20 00:02:27.123
2020-12-20 00:02:27,126 INFO 57043 [Job#160839374712560936356720520077] /Users/Witte/Desktop/project/react-egg/server/app/schedule/get_info.js executing by app
2020-12-20 00:02:27,127 INFO 57043 [Job#160839374712560936356720520077] /Users/Witte/Desktop/project/react-egg/server/app/schedule/get_info.js execute succeed, used 1ms. 
2020-12-20 00:02:27,126 INFO 56770 [Timer] /Users/Witte/Desktop/project/react-egg/server/app/schedule/get_info.js next time will execute after 3000ms at 2020-12-20 00:02:30.125
2020-12-20 00:02:30,128 INFO 57043 [Job#160839375012760936656876279578] /Users/Witte/Desktop/project/react-egg/server/app/schedule/get_info.js executing by app
2020-12-20 00:02:30,128 INFO 57043 [Job#160839375012760936656876279578] /Users/Witte/Desktop/project/react-egg/server/app/schedule/get_info.js execute succeed, used 0ms. 
2020-12-20 00:02:30,127 INFO 56770 [Timer] /Users/Witte/Desktop/project/react-egg/server/app/schedule/get_info.js next time will execute after 3000ms at 2020-12-20 00:02:33.127
2020-12-20 00:02:33,132 INFO 57043 [Job#160839375312960936957044377279] /Users/Witte/Desktop/project/react-egg/server/app/schedule/get_info.js executing by app
2020-12-20 00:02:33,133 INFO 57043 [Job#160839375312960936957044377279] /Users/Witte/Desktop/project/react-egg/server/app/schedule/get_info.js execute succeed, used 1ms. 
2020-12-20 00:02:33,129 INFO 56770 [Timer] /Users/Witte/Desktop/project/react-egg/server/app/schedule/get_info.js next time will execute after 3000ms at 2020-12-20 00:02:36.129
2020-12-20 00:02:36,135 INFO 57043 [Job#160839375613460937257565532480] /Users/Witte/Desktop/project/react-egg/server/app/schedule/get_info.js executing by app
2020-12-20 00:02:36,135 INFO 57043 [Job#160839375613460937257565532480] /Users/Witte/Desktop/project/react-egg/server/app/schedule/get_info.js execute succeed, used 0ms. 
2020-12-20 00:02:36,134 INFO 56770 [Timer] /Users/Witte/Desktop/project/react-egg/server/app/schedule/get_info.js next time will execute after 3000ms at 2020-12-20 00:02:39.134
2020-12-20 00:02:39,139 INFO 57043 [Job#160839375913860937557983056181] /Users/Witte/Desktop/project/react-egg/server/app/schedule/get_info.js executing by app
2020-12-20 00:02:39,140 INFO 57043 [Job#160839375913860937557983056181] /Users/Witte/Desktop/project/react-egg/server/app/schedule/get_info.js execute succeed, used 1ms. 
2020-12-20 00:02:39,139 INFO 56770 [Timer] /Users/Witte/Desktop/project/react-egg/server/app/schedule/get_info.js next time will execute after 3000ms at 2020-12-20 00:02:42.139
2020-12-20 00:02:42,142 INFO 57043 [Job#160839376214160937858234176582] /Users/Witte/Desktop/project/react-egg/server/app/schedule/get_info.js executing by app
2020-12-20 00:02:42,142 INFO 57043 [Job#160839376214160937858234176582] /Users/Witte/Desktop/project/react-egg/server/app/schedule/get_info.js execute succeed, used 0ms. 
2020-12-20 00:02:42,141 INFO 56770 [Timer] /Users/Witte/Desktop/project/react-egg/server/app/schedule/get_info.js next time will execute after 3000ms at 2020-12-20 00:02:45.141
2020-12-20 00:02:45,145 INFO 57043 [Job#160839376514460938158547602783] /Users/Witte/Desktop/project/react-egg/server/app/schedule/get_info.js executing by app
2020-12-20 00:02:45,145 INFO 57043 [Job#160839376514460938158547602783] /Users/Witte/Desktop/project/react-egg/server/app/schedule/get_info.js execute succeed, used 0ms. 
2020-12-20 00:02:45,144 INFO 56770 [Timer] /Users/Witte/Desktop/project/react-egg/server/app/schedule/get_info.js next time will execute after 3000ms at 2020-12-20 00:02:48.144
2020-12-20 00:02:48,150 INFO 57043 [Job#160839376814960938459051273684] /Users/Witte/Desktop/project/react-egg/server/app/schedule/get_info.js executing by app
2020-12-20 00:02:48,151 INFO 57043 [Job#160839376814960938459051273684] /Users/Witte/Desktop/project/react-egg/server/app/schedule/get_info.js execute succeed, used 0ms. 
2020-12-20 00:02:48,150 INFO 56770 [Timer] /Users/Witte/Desktop/project/react-egg/server/app/schedule/get_info.js next time will execute after 3000ms at 2020-12-20 00:02:51.149
2020-12-20 00:02:51,154 INFO 56770 [Timer] /Users/Witte/Desktop/project/react-egg/server/app/schedule/get_info.js next time will execute after 3000ms at 2020-12-20 00:02:54.153
2020-12-20 00:02:51,154 INFO 57043 [Job#160839377115360938759442736785] /Users/Witte/Desktop/project/react-egg/server/app/schedule/get_info.js executing by app
2020-12-20 00:02:51,155 INFO 57043 [Job#160839377115360938759442736785] /Users/Witte/Desktop/project/react-egg/server/app/schedule/get_info.js execute succeed, used 0ms. 
2020-12-20 00:02:54,159 INFO 56770 [Timer] /Users/Witte/Desktop/project/react-egg/server/app/schedule/get_info.js next time will execute after 3000ms at 2020-12-20 00:02:57.159
2020-12-20 00:02:54,159 INFO 57043 [Job#160839377415960939059982640186] /Users/Witte/Desktop/project/react-egg/server/app/schedule/get_info.js executing by app
2020-12-20 00:02:54,160 INFO 57043 [Job#160839377415960939059982640186] /Users/Witte/Desktop/project/react-egg/server/app/schedule/get_info.js execute succeed, used 1ms. 
2020-12-20 00:02:57,166 INFO 57043 [Job#160839377716560939360588273887] /Users/Witte/Desktop/project/react-egg/server/app/schedule/get_info.js executing by app
2020-12-20 00:02:57,166 INFO 57043 [Job#160839377716560939360588273887] /Users/Witte/Desktop/project/react-egg/server/app/schedule/get_info.js execute succeed, used 0ms. 
2020-12-20 00:02:57,165 INFO 56770 [Timer] /Users/Witte/Desktop/project/react-egg/server/app/schedule/get_info.js next time will execute after 3000ms at 2020-12-20 00:03:00.165
2020-12-20 00:03:00,168 INFO 57043 [Job#160839378016860939660841421888] /Users/Witte/Desktop/project/react-egg/server/app/schedule/get_info.js executing by app
2020-12-20 00:03:00,169 INFO 57043 [Job#160839378016860939660841421888] /Users/Witte/Desktop/project/react-egg/server/app/schedule/get_info.js execute succeed, used 0ms. 
2020-12-20 00:03:00,168 INFO 56770 [Timer] /Users/Witte/Desktop/project/react-egg/server/app/schedule/get_info.js next time will execute after 3000ms at 2020-12-20 00:03:03.168
2020-12-20 00:03:03,170 INFO 56770 [Timer] /Users/Witte/Desktop/project/react-egg/server/app/schedule/get_info.js next time will execute after 3000ms at 2020-12-20 00:03:06.170
2020-12-20 00:03:03,171 INFO 57043 [Job#160839378317060939961060132089] /Users/Witte/Desktop/project/react-egg/server/app/schedule/get_info.js executing by app
2020-12-20 00:03:03,171 INFO 57043 [Job#160839378317060939961060132089] /Users/Witte/Desktop/project/react-egg/server/app/schedule/get_info.js execute succeed, used 0ms. 
2020-12-20 00:03:06,173 INFO 56770 [Timer] /Users/Witte/Desktop/project/react-egg/server/app/schedule/get_info.js next time will execute after 3000ms at 2020-12-20 00:03:09.173
2020-12-20 00:03:06,176 INFO 57043 [Job#160839378617360940261371909590] /Users/Witte/Desktop/project/react-egg/server/app/schedule/get_info.js executing by app
2020-12-20 00:03:06,177 INFO 57043 [Job#160839378617360940261371909590] /Users/Witte/Desktop/project/react-egg/server/app/schedule/get_info.js execute succeed, used 1ms. 
2020-12-20 00:03:09,179 INFO 56770 [Timer] /Users/Witte/Desktop/project/react-egg/server/app/schedule/get_info.js next time will execute after 3000ms at 2020-12-20 00:03:12.179
2020-12-20 00:03:09,179 INFO 57043 [Job#160839378917960940561927364191] /Users/Witte/Desktop/project/react-egg/server/app/schedule/get_info.js executing by app
2020-12-20 00:03:09,180 INFO 57043 [Job#160839378917960940561927364191] /Users/Witte/Desktop/project/react-egg/server/app/schedule/get_info.js execute succeed, used 0ms. 
2020-12-20 00:03:12,187 INFO 57043 [Job#160839379218660940862612781992] /Users/Witte/Desktop/project/react-egg/server/app/schedule/get_info.js executing by app
2020-12-20 00:03:12,188 INFO 57043 [Job#160839379218660940862612781992] /Users/Witte/Desktop/project/react-egg/server/app/schedule/get_info.js execute succeed, used 0ms. 
2020-12-20 00:03:12,186 INFO 56770 [Timer] /Users/Witte/Desktop/project/react-egg/server/app/schedule/get_info.js next time will execute after 3000ms at 2020-12-20 00:03:15.186
2020-12-20 00:03:15,188 INFO 57043 [Job#160839379518760941162720194893] /Users/Witte/Desktop/project/react-egg/server/app/schedule/get_info.js executing by app
2020-12-20 00:03:15,188 INFO 57043 [Job#160839379518760941162720194893] /Users/Witte/Desktop/project/react-egg/server/app/schedule/get_info.js execute succeed, used 0ms. 
2020-12-20 00:03:15,187 INFO 56770 [Timer] /Users/Witte/Desktop/project/react-egg/server/app/schedule/get_info.js next time will execute after 3000ms at 2020-12-20 00:03:18.187
2020-12-20 00:03:18,193 INFO 57043 [Job#160839379819260941463210600694] /Users/Witte/Desktop/project/react-egg/server/app/schedule/get_info.js executing by app
2020-12-20 00:03:18,193 INFO 57043 [Job#160839379819260941463210600694] /Users/Witte/Desktop/project/react-egg/server/app/schedule/get_info.js execute succeed, used 0ms. 
2020-12-20 00:03:18,192 INFO 56770 [Timer] /Users/Witte/Desktop/project/react-egg/server/app/schedule/get_info.js next time will execute after 3000ms at 2020-12-20 00:03:21.192
2020-12-20 00:03:21,194 INFO 57043 [Job#160839380119360941763329449695] /Users/Witte/Desktop/project/react-egg/server/app/schedule/get_info.js executing by app
2020-12-20 00:03:21,194 INFO 57043 [Job#160839380119360941763329449695] /Users/Witte/Desktop/project/react-egg/server/app/schedule/get_info.js execute succeed, used 0ms. 
2020-12-20 00:03:21,193 INFO 56770 [Timer] /Users/Witte/Desktop/project/react-egg/server/app/schedule/get_info.js next time will execute after 3000ms at 2020-12-20 00:03:24.193
2020-12-20 00:03:24,195 INFO 57043 [Job#160839380419460942063396873896] /Users/Witte/Desktop/project/react-egg/server/app/schedule/get_info.js executing by app
2020-12-20 00:03:24,195 INFO 57043 [Job#160839380419460942063396873896] /Users/Witte/Desktop/project/react-egg/server/app/schedule/get_info.js execute succeed, used 0ms. 
2020-12-20 00:03:24,194 INFO 56770 [Timer] /Users/Witte/Desktop/project/react-egg/server/app/schedule/get_info.js next time will execute after 3000ms at 2020-12-20 00:03:27.194
2020-12-20 00:03:27,205 INFO 57043 [Job#160839380720060942363991923697] /Users/Witte/Desktop/project/react-egg/server/app/schedule/get_info.js executing by app
2020-12-20 00:03:27,205 INFO 57043 [Job#160839380720060942363991923697] /Users/Witte/Desktop/project/react-egg/server/app/schedule/get_info.js execute succeed, used 0ms. 
2020-12-20 00:03:27,200 INFO 56770 [Timer] /Users/Witte/Desktop/project/react-egg/server/app/schedule/get_info.js next time will execute after 3000ms at 2020-12-20 00:03:30.200
2020-12-20 00:03:30,205 INFO 57043 [Job#160839381020460942664427848998] /Users/Witte/Desktop/project/react-egg/server/app/schedule/get_info.js executing by app
2020-12-20 00:03:30,206 INFO 57043 [Job#160839381020460942664427848998] /Users/Witte/Desktop/project/react-egg/server/app/schedule/get_info.js execute succeed, used 1ms. 
2020-12-20 00:03:30,205 INFO 56770 [Timer] /Users/Witte/Desktop/project/react-egg/server/app/schedule/get_info.js next time will execute after 3000ms at 2020-12-20 00:03:33.205
2020-12-20 00:03:33,209 INFO 57043 [Job#160839381320860942964822555299] /Users/Witte/Desktop/project/react-egg/server/app/schedule/get_info.js executing by app
2020-12-20 00:03:33,209 INFO 57043 [Job#160839381320860942964822555299] /Users/Witte/Desktop/project/react-egg/server/app/schedule/get_info.js execute succeed, used 0ms. 
2020-12-20 00:03:33,209 INFO 56770 [Timer] /Users/Witte/Desktop/project/react-egg/server/app/schedule/get_info.js next time will execute after 3000ms at 2020-12-20 00:03:36.208
2020-12-20 00:03:36,212 INFO 57043 [Job#1608393816212609432651348144100] /Users/Witte/Desktop/project/react-egg/server/app/schedule/get_info.js executing by app
2020-12-20 00:03:36,212 INFO 57043 [Job#1608393816212609432651348144100] /Users/Witte/Desktop/project/react-egg/server/app/schedule/get_info.js execute succeed, used 0ms. 
2020-12-20 00:03:36,212 INFO 56770 [Timer] /Users/Witte/Desktop/project/react-egg/server/app/schedule/get_info.js next time will execute after 3000ms at 2020-12-20 00:03:39.212
2020-12-20 00:03:39,215 INFO 57043 [Job#1608393819214609435654070292101] /Users/Witte/Desktop/project/react-egg/server/app/schedule/get_info.js executing by app
2020-12-20 00:03:39,216 INFO 57043 [Job#1608393819214609435654070292101] /Users/Witte/Desktop/project/react-egg/server/app/schedule/get_info.js execute succeed, used 1ms. 
2020-12-20 00:03:39,215 INFO 56770 [Timer] /Users/Witte/Desktop/project/react-egg/server/app/schedule/get_info.js next time will execute after 3000ms at 2020-12-20 00:03:42.215
2020-12-20 00:03:42,216 INFO 57043 [Job#1608393822215609438654350570102] /Users/Witte/Desktop/project/react-egg/server/app/schedule/get_info.js executing by app
2020-12-20 00:03:42,216 INFO 57043 [Job#1608393822215609438654350570102] /Users/Witte/Desktop/project/react-egg/server/app/schedule/get_info.js execute succeed, used 0ms. 
2020-12-20 00:03:42,215 INFO 56770 [Timer] /Users/Witte/Desktop/project/react-egg/server/app/schedule/get_info.js next time will execute after 3000ms at 2020-12-20 00:03:45.215
2020-12-20 00:03:45,220 INFO 57043 [Job#1608393825219609441658985326103] /Users/Witte/Desktop/project/react-egg/server/app/schedule/get_info.js executing by app
2020-12-20 00:03:45,221 INFO 57043 [Job#1608393825219609441658985326103] /Users/Witte/Desktop/project/react-egg/server/app/schedule/get_info.js execute succeed, used 1ms. 
2020-12-20 00:03:45,220 INFO 56770 [Timer] /Users/Witte/Desktop/project/react-egg/server/app/schedule/get_info.js next time will execute after 3000ms at 2020-12-20 00:03:48.220
2020-12-20 00:03:48,223 INFO 56770 [Timer] /Users/Witte/Desktop/project/react-egg/server/app/schedule/get_info.js next time will execute after 3000ms at 2020-12-20 00:03:51.223
2020-12-20 00:03:48,224 INFO 57043 [Job#1608393828223609444662461480104] /Users/Witte/Desktop/project/react-egg/server/app/schedule/get_info.js executing by app
2020-12-20 00:03:48,224 INFO 57043 [Job#1608393828223609444662461480104] /Users/Witte/Desktop/project/react-egg/server/app/schedule/get_info.js execute succeed, used 0ms. 
2020-12-20 00:03:51,225 INFO 56770 [Timer] /Users/Witte/Desktop/project/react-egg/server/app/schedule/get_info.js next time will execute after 3000ms at 2020-12-20 00:03:54.225
2020-12-20 00:03:51,226 INFO 57043 [Job#1608393831225609447664109665105] /Users/Witte/Desktop/project/react-egg/server/app/schedule/get_info.js executing by app
2020-12-20 00:03:51,227 INFO 57043 [Job#1608393831225609447664109665105] /Users/Witte/Desktop/project/react-egg/server/app/schedule/get_info.js execute succeed, used 1ms. 
2020-12-20 00:03:54,230 INFO 56770 [Timer] /Users/Witte/Desktop/project/react-egg/server/app/schedule/get_info.js next time will execute after 3000ms at 2020-12-20 00:03:57.230
2020-12-20 00:03:54,230 INFO 57043 [Job#1608393834230609450669136014106] /Users/Witte/Desktop/project/react-egg/server/app/schedule/get_info.js executing by app
2020-12-20 00:03:54,231 INFO 57043 [Job#1608393834230609450669136014106] /Users/Witte/Desktop/project/react-egg/server/app/schedule/get_info.js execute succeed, used 0ms. 
2020-12-20 00:03:57,232 INFO 56770 [Timer] /Users/Witte/Desktop/project/react-egg/server/app/schedule/get_info.js next time will execute after 3000ms at 2020-12-20 00:04:00.232
2020-12-20 00:03:57,233 INFO 57043 [Job#1608393837231609453670433117107] /Users/Witte/Desktop/project/react-egg/server/app/schedule/get_info.js executing by app
2020-12-20 00:03:57,233 INFO 57043 [Job#1608393837231609453670433117107] /Users/Witte/Desktop/project/react-egg/server/app/schedule/get_info.js execute succeed, used 0ms. 
2020-12-20 00:04:00,237 INFO 56770 [Timer] /Users/Witte/Desktop/project/react-egg/server/app/schedule/get_info.js next time will execute after 3000ms at 2020-12-20 00:04:03.237
2020-12-20 00:04:00,237 INFO 57043 [Job#1608393840237609456675782314108] /Users/Witte/Desktop/project/react-egg/server/app/schedule/get_info.js executing by app
2020-12-20 00:04:00,238 INFO 57043 [Job#1608393840237609456675782314108] /Users/Witte/Desktop/project/react-egg/server/app/schedule/get_info.js execute succeed, used 0ms. 
2020-12-20 00:04:03,241 INFO 56770 [Timer] /Users/Witte/Desktop/project/react-egg/server/app/schedule/get_info.js next time will execute after 3000ms at 2020-12-20 00:04:06.240
2020-12-20 00:04:03,241 INFO 57043 [Job#1608393843240609459678586394109] /Users/Witte/Desktop/project/react-egg/server/app/schedule/get_info.js executing by app
2020-12-20 00:04:03,242 INFO 57043 [Job#1608393843240609459678586394109] /Users/Witte/Desktop/project/react-egg/server/app/schedule/get_info.js execute succeed, used 0ms. 
2020-12-20 00:04:06,242 INFO 57043 [Job#1608393846241609462679920243110] /Users/Witte/Desktop/project/react-egg/server/app/schedule/get_info.js executing by app
2020-12-20 00:04:06,242 INFO 57043 [Job#1608393846241609462679920243110] /Users/Witte/Desktop/project/react-egg/server/app/schedule/get_info.js execute succeed, used 0ms. 
2020-12-20 00:04:06,241 INFO 56770 [Timer] /Users/Witte/Desktop/project/react-egg/server/app/schedule/get_info.js next time will execute after 3000ms at 2020-12-20 00:04:09.241
2020-12-20 00:04:09,246 INFO 57043 [Job#1608393849245609465683582906111] /Users/Witte/Desktop/project/react-egg/server/app/schedule/get_info.js executing by app
2020-12-20 00:04:09,249 INFO 57043 [Job#1608393849245609465683582906111] /Users/Witte/Desktop/project/react-egg/server/app/schedule/get_info.js execute succeed, used 1ms. 
2020-12-20 00:04:09,246 INFO 56770 [Timer] /Users/Witte/Desktop/project/react-egg/server/app/schedule/get_info.js next time will execute after 3000ms at 2020-12-20 00:04:12.245
2020-12-20 00:04:12,251 INFO 57043 [Job#1608393852251609468689385830112] /Users/Witte/Desktop/project/react-egg/server/app/schedule/get_info.js executing by app
2020-12-20 00:04:12,252 INFO 57043 [Job#1608393852251609468689385830112] /Users/Witte/Desktop/project/react-egg/server/app/schedule/get_info.js execute succeed, used 0ms. 
2020-12-20 00:04:12,251 INFO 56770 [Timer] /Users/Witte/Desktop/project/react-egg/server/app/schedule/get_info.js next time will execute after 3000ms at 2020-12-20 00:04:15.251
2020-12-20 00:04:15,253 INFO 56770 [Timer] /Users/Witte/Desktop/project/react-egg/server/app/schedule/get_info.js next time will execute after 3000ms at 2020-12-20 00:04:18.253
2020-12-20 00:04:15,254 INFO 57043 [Job#1608393855253609471691357284113] /Users/Witte/Desktop/project/react-egg/server/app/schedule/get_info.js executing by app
2020-12-20 00:04:15,255 INFO 57043 [Job#1608393855253609471691357284113] /Users/Witte/Desktop/project/react-egg/server/app/schedule/get_info.js execute succeed, used 1ms. 
2020-12-20 00:04:18,259 INFO 57043 [Job#1608393858258609474696690626114] /Users/Witte/Desktop/project/react-egg/server/app/schedule/get_info.js executing by app
2020-12-20 00:04:18,259 INFO 57043 [Job#1608393858258609474696690626114] /Users/Witte/Desktop/project/react-egg/server/app/schedule/get_info.js execute succeed, used 0ms. 
2020-12-20 00:04:18,258 INFO 56770 [Timer] /Users/Witte/Desktop/project/react-egg/server/app/schedule/get_info.js next time will execute after 3000ms at 2020-12-20 00:04:21.258
2020-12-20 00:04:21,264 INFO 57043 [Job#1608393861260609477698805800115] /Users/Witte/Desktop/project/react-egg/server/app/schedule/get_info.js executing by app
2020-12-20 00:04:21,264 INFO 57043 [Job#1608393861260609477698805800115] /Users/Witte/Desktop/project/react-egg/server/app/schedule/get_info.js execute succeed, used 0ms. 
2020-12-20 00:04:21,261 INFO 56770 [Timer] /Users/Witte/Desktop/project/react-egg/server/app/schedule/get_info.js next time will execute after 3000ms at 2020-12-20 00:04:24.261
2020-12-20 00:04:24,269 INFO 57043 [Job#1608393864268609480706598165116] /Users/Witte/Desktop/project/react-egg/server/app/schedule/get_info.js executing by app
2020-12-20 00:04:24,269 INFO 57043 [Job#1608393864268609480706598165116] /Users/Witte/Desktop/project/react-egg/server/app/schedule/get_info.js execute succeed, used 0ms. 
2020-12-20 00:04:24,268 INFO 56770 [Timer] /Users/Witte/Desktop/project/react-egg/server/app/schedule/get_info.js next time will execute after 3000ms at 2020-12-20 00:04:27.268
2020-12-20 00:04:27,273 INFO 57043 [Job#1608393867272609483710097659117] /Users/Witte/Desktop/project/react-egg/server/app/schedule/get_info.js executing by app
2020-12-20 00:04:27,273 INFO 57043 [Job#1608393867272609483710097659117] /Users/Witte/Desktop/project/react-egg/server/app/schedule/get_info.js execute succeed, used 0ms. 
2020-12-20 00:04:27,272 INFO 56770 [Timer] /Users/Witte/Desktop/project/react-egg/server/app/schedule/get_info.js next time will execute after 3000ms at 2020-12-20 00:04:30.272
2020-12-20 00:04:30,275 INFO 57043 [Job#1608393870273609486710717612118] /Users/Witte/Desktop/project/react-egg/server/app/schedule/get_info.js executing by app
2020-12-20 00:04:30,275 INFO 57043 [Job#1608393870273609486710717612118] /Users/Witte/Desktop/project/react-egg/server/app/schedule/get_info.js execute succeed, used 0ms. 
2020-12-20 00:04:30,273 INFO 56770 [Timer] /Users/Witte/Desktop/project/react-egg/server/app/schedule/get_info.js next time will execute after 3000ms at 2020-12-20 00:04:33.273
2020-12-20 00:04:33,274 INFO 57043 [Job#1608393873274609489711815656119] /Users/Witte/Desktop/project/react-egg/server/app/schedule/get_info.js executing by app
2020-12-20 00:04:33,275 INFO 57043 [Job#1608393873274609489711815656119] /Users/Witte/Desktop/project/react-egg/server/app/schedule/get_info.js execute succeed, used 1ms. 
2020-12-20 00:04:33,274 INFO 56770 [Timer] /Users/Witte/Desktop/project/react-egg/server/app/schedule/get_info.js next time will execute after 3000ms at 2020-12-20 00:04:36.274
2020-12-20 00:04:36,277 INFO 56770 [Timer] /Users/Witte/Desktop/project/react-egg/server/app/schedule/get_info.js next time will execute after 3000ms at 2020-12-20 00:04:39.277
2020-12-20 00:04:36,277 INFO 57043 [Job#1608393876277609492714618439120] /Users/Witte/Desktop/project/react-egg/server/app/schedule/get_info.js executing by app
2020-12-20 00:04:36,278 INFO 57043 [Job#1608393876277609492714618439120] /Users/Witte/Desktop/project/react-egg/server/app/schedule/get_info.js execute succeed, used 1ms. 
2020-12-20 00:04:39,299 INFO 57043 [Job#1608393879288609495726103513121] /Users/Witte/Desktop/project/react-egg/server/app/schedule/get_info.js executing by app
2020-12-20 00:04:39,299 INFO 57043 [Job#1608393879288609495726103513121] /Users/Witte/Desktop/project/react-egg/server/app/schedule/get_info.js execute succeed, used 0ms. 
2020-12-20 00:04:39,288 INFO 56770 [Timer] /Users/Witte/Desktop/project/react-egg/server/app/schedule/get_info.js next time will execute after 3000ms at 2020-12-20 00:04:42.288
2020-12-20 00:04:42,292 INFO 57043 [Job#1608393882292609498729585689122] /Users/Witte/Desktop/project/react-egg/server/app/schedule/get_info.js executing by app
2020-12-20 00:04:42,293 INFO 57043 [Job#1608393882292609498729585689122] /Users/Witte/Desktop/project/react-egg/server/app/schedule/get_info.js execute succeed, used 1ms. 
2020-12-20 00:04:42,292 INFO 56770 [Timer] /Users/Witte/Desktop/project/react-egg/server/app/schedule/get_info.js next time will execute after 3000ms at 2020-12-20 00:04:45.292
2020-12-20 00:04:45,295 INFO 57043 [Job#1608393885293609501731125929123] /Users/Witte/Desktop/project/react-egg/server/app/schedule/get_info.js executing by app
2020-12-20 00:04:45,295 INFO 57043 [Job#1608393885293609501731125929123] /Users/Witte/Desktop/project/react-egg/server/app/schedule/get_info.js execute succeed, used 0ms. 
2020-12-20 00:04:45,294 INFO 56770 [Timer] /Users/Witte/Desktop/project/react-egg/server/app/schedule/get_info.js next time will execute after 3000ms at 2020-12-20 00:04:48.294
2020-12-20 00:04:48,295 INFO 57043 [Job#1608393888295609504732256168124] /Users/Witte/Desktop/project/react-egg/server/app/schedule/get_info.js executing by app
2020-12-20 00:04:48,296 INFO 57043 [Job#1608393888295609504732256168124] /Users/Witte/Desktop/project/react-egg/server/app/schedule/get_info.js execute succeed, used 0ms. 
2020-12-20 00:04:48,295 INFO 56770 [Timer] /Users/Witte/Desktop/project/react-egg/server/app/schedule/get_info.js next time will execute after 3000ms at 2020-12-20 00:04:51.295
2020-12-20 00:04:51,297 INFO 57043 [Job#1608393891296609507733563772125] /Users/Witte/Desktop/project/react-egg/server/app/schedule/get_info.js executing by app
2020-12-20 00:04:51,297 INFO 57043 [Job#1608393891296609507733563772125] /Users/Witte/Desktop/project/react-egg/server/app/schedule/get_info.js execute succeed, used 0ms. 
2020-12-20 00:04:51,296 INFO 56770 [Timer] /Users/Witte/Desktop/project/react-egg/server/app/schedule/get_info.js next time will execute after 3000ms at 2020-12-20 00:04:54.296
2020-12-20 00:04:54,299 INFO 57043 [Job#1608393894298609510735763205126] /Users/Witte/Desktop/project/react-egg/server/app/schedule/get_info.js executing by app
2020-12-20 00:04:54,299 INFO 57043 [Job#1608393894298609510735763205126] /Users/Witte/Desktop/project/react-egg/server/app/schedule/get_info.js execute succeed, used 0ms. 
2020-12-20 00:04:54,299 INFO 56770 [Timer] /Users/Witte/Desktop/project/react-egg/server/app/schedule/get_info.js next time will execute after 3000ms at 2020-12-20 00:04:57.299
2020-12-20 00:04:57,299 INFO 57043 [Job#1608393897298609513735840147127] /Users/Witte/Desktop/project/react-egg/server/app/schedule/get_info.js executing by app
2020-12-20 00:04:57,300 INFO 57043 [Job#1608393897298609513735840147127] /Users/Witte/Desktop/project/react-egg/server/app/schedule/get_info.js execute succeed, used 0ms. 
2020-12-20 00:04:57,299 INFO 56770 [Timer] /Users/Witte/Desktop/project/react-egg/server/app/schedule/get_info.js next time will execute after 3000ms at 2020-12-20 00:05:00.299
2020-12-20 00:05:00,301 INFO 57043 [Job#1608393900300609516737705470128] /Users/Witte/Desktop/project/react-egg/server/app/schedule/get_info.js executing by app
2020-12-20 00:05:00,301 INFO 57043 [Job#1608393900300609516737705470128] /Users/Witte/Desktop/project/react-egg/server/app/schedule/get_info.js execute succeed, used 0ms. 
2020-12-20 00:05:00,301 INFO 56770 [Timer] /Users/Witte/Desktop/project/react-egg/server/app/schedule/get_info.js next time will execute after 3000ms at 2020-12-20 00:05:03.301
2020-12-20 00:05:03,305 INFO 57043 [Job#1608393903304609519741270434129] /Users/Witte/Desktop/project/react-egg/server/app/schedule/get_info.js executing by app
2020-12-20 00:05:03,306 INFO 57043 [Job#1608393903304609519741270434129] /Users/Witte/Desktop/project/react-egg/server/app/schedule/get_info.js execute succeed, used 1ms. 
2020-12-20 00:05:03,305 INFO 56770 [Timer] /Users/Witte/Desktop/project/react-egg/server/app/schedule/get_info.js next time will execute after 3000ms at 2020-12-20 00:05:06.304
2020-12-20 00:05:06,311 INFO 57043 [Job#1608393906310609522747293643130] /Users/Witte/Desktop/project/react-egg/server/app/schedule/get_info.js executing by app
2020-12-20 00:05:06,311 INFO 57043 [Job#1608393906310609522747293643130] /Users/Witte/Desktop/project/react-egg/server/app/schedule/get_info.js execute succeed, used 0ms. 
2020-12-20 00:05:06,310 INFO 56770 [Timer] /Users/Witte/Desktop/project/react-egg/server/app/schedule/get_info.js next time will execute after 3000ms at 2020-12-20 00:05:09.310
2020-12-20 00:05:09,312 INFO 57043 [Job#1608393909311609525748149300131] /Users/Witte/Desktop/project/react-egg/server/app/schedule/get_info.js executing by app
2020-12-20 00:05:09,312 INFO 57043 [Job#1608393909311609525748149300131] /Users/Witte/Desktop/project/react-egg/server/app/schedule/get_info.js execute succeed, used 0ms. 
2020-12-20 00:05:09,311 INFO 56770 [Timer] /Users/Witte/Desktop/project/react-egg/server/app/schedule/get_info.js next time will execute after 3000ms at 2020-12-20 00:05:12.311
2020-12-20 00:05:12,322 INFO 57043 [Job#1608393912319609528756363667132] /Users/Witte/Desktop/project/react-egg/server/app/schedule/get_info.js executing by app
2020-12-20 00:05:12,323 INFO 57043 [Job#1608393912319609528756363667132] /Users/Witte/Desktop/project/react-egg/server/app/schedule/get_info.js execute succeed, used 1ms. 
2020-12-20 00:05:12,320 INFO 56770 [Timer] /Users/Witte/Desktop/project/react-egg/server/app/schedule/get_info.js next time will execute after 3000ms at 2020-12-20 00:05:15.320
2020-12-20 00:05:15,327 INFO 57043 [Job#1608393915325609531761808765133] /Users/Witte/Desktop/project/react-egg/server/app/schedule/get_info.js executing by app
2020-12-20 00:05:15,328 INFO 57043 [Job#1608393915325609531761808765133] /Users/Witte/Desktop/project/react-egg/server/app/schedule/get_info.js execute succeed, used 1ms. 
2020-12-20 00:05:15,325 INFO 56770 [Timer] /Users/Witte/Desktop/project/react-egg/server/app/schedule/get_info.js next time will execute after 3000ms at 2020-12-20 00:05:18.325
2020-12-20 00:05:18,336 INFO 57043 [Job#1608393918329609534765986167134] /Users/Witte/Desktop/project/react-egg/server/app/schedule/get_info.js executing by app
2020-12-20 00:05:18,336 INFO 57043 [Job#1608393918329609534765986167134] /Users/Witte/Desktop/project/react-egg/server/app/schedule/get_info.js execute succeed, used 0ms. 
2020-12-20 00:05:18,330 INFO 56770 [Timer] /Users/Witte/Desktop/project/react-egg/server/app/schedule/get_info.js next time will execute after 3000ms at 2020-12-20 00:05:21.330
2020-12-20 00:05:21,335 INFO 57043 [Job#1608393921333609537770117580135] /Users/Witte/Desktop/project/react-egg/server/app/schedule/get_info.js executing by app
2020-12-20 00:05:21,335 INFO 57043 [Job#1608393921333609537770117580135] /Users/Witte/Desktop/project/react-egg/server/app/schedule/get_info.js execute succeed, used 0ms. 
2020-12-20 00:05:21,334 INFO 56770 [Timer] /Users/Witte/Desktop/project/react-egg/server/app/schedule/get_info.js next time will execute after 3000ms at 2020-12-20 00:05:24.334
2020-12-20 00:05:24,340 INFO 57043 [Job#1608393924339609540775365584136] /Users/Witte/Desktop/project/react-egg/server/app/schedule/get_info.js executing by app
2020-12-20 00:05:24,340 INFO 57043 [Job#1608393924339609540775365584136] /Users/Witte/Desktop/project/react-egg/server/app/schedule/get_info.js execute succeed, used 0ms. 
2020-12-20 00:05:24,339 INFO 56770 [Timer] /Users/Witte/Desktop/project/react-egg/server/app/schedule/get_info.js next time will execute after 3000ms at 2020-12-20 00:05:27.339
2020-12-20 00:05:27,343 INFO 57043 [Job#1608393927343609543779164043137] /Users/Witte/Desktop/project/react-egg/server/app/schedule/get_info.js executing by app
2020-12-20 00:05:27,344 INFO 57043 [Job#1608393927343609543779164043137] /Users/Witte/Desktop/project/react-egg/server/app/schedule/get_info.js execute succeed, used 1ms. 
2020-12-20 00:05:27,343 INFO 56770 [Timer] /Users/Witte/Desktop/project/react-egg/server/app/schedule/get_info.js next time will execute after 3000ms at 2020-12-20 00:05:30.343
2020-12-20 00:05:30,346 INFO 57043 [Job#1608393930345609546781416001138] /Users/Witte/Desktop/project/react-egg/server/app/schedule/get_info.js executing by app
2020-12-20 00:05:30,346 INFO 57043 [Job#1608393930345609546781416001138] /Users/Witte/Desktop/project/react-egg/server/app/schedule/get_info.js execute succeed, used 0ms. 
2020-12-20 00:05:30,345 INFO 56770 [Timer] /Users/Witte/Desktop/project/react-egg/server/app/schedule/get_info.js next time will execute after 3000ms at 2020-12-20 00:05:33.345
2020-12-20 00:05:33,347 INFO 57043 [Job#1608393933346609549781921308139] /Users/Witte/Desktop/project/react-egg/server/app/schedule/get_info.js executing by app
2020-12-20 00:05:33,347 INFO 57043 [Job#1608393933346609549781921308139] /Users/Witte/Desktop/project/react-egg/server/app/schedule/get_info.js execute succeed, used 0ms. 
2020-12-20 00:05:33,346 INFO 56770 [Timer] /Users/Witte/Desktop/project/react-egg/server/app/schedule/get_info.js next time will execute after 3000ms at 2020-12-20 00:05:36.346
2020-12-20 00:05:36,350 INFO 57043 [Job#1608393936349609552785262225140] /Users/Witte/Desktop/project/react-egg/server/app/schedule/get_info.js executing by app
2020-12-20 00:05:36,350 INFO 57043 [Job#1608393936349609552785262225140] /Users/Witte/Desktop/project/react-egg/server/app/schedule/get_info.js execute succeed, used 0ms. 
2020-12-20 00:05:36,349 INFO 56770 [Timer] /Users/Witte/Desktop/project/react-egg/server/app/schedule/get_info.js next time will execute after 3000ms at 2020-12-20 00:05:39.349
2020-12-20 00:05:39,355 INFO 57043 [Job#1608393939352609555788089255141] /Users/Witte/Desktop/project/react-egg/server/app/schedule/get_info.js executing by app
2020-12-20 00:05:39,355 INFO 57043 [Job#1608393939352609555788089255141] /Users/Witte/Desktop/project/react-egg/server/app/schedule/get_info.js execute succeed, used 0ms. 
2020-12-20 00:05:39,352 INFO 56770 [Timer] /Users/Witte/Desktop/project/react-egg/server/app/schedule/get_info.js next time will execute after 3000ms at 2020-12-20 00:05:42.352
2020-12-20 00:05:42,357 INFO 57043 [Job#1608393942357609558792706186142] /Users/Witte/Desktop/project/react-egg/server/app/schedule/get_info.js executing by app
2020-12-20 00:05:42,357 INFO 57043 [Job#1608393942357609558792706186142] /Users/Witte/Desktop/project/react-egg/server/app/schedule/get_info.js execute succeed, used 0ms. 
2020-12-20 00:05:42,357 INFO 56770 [Timer] /Users/Witte/Desktop/project/react-egg/server/app/schedule/get_info.js next time will execute after 3000ms at 2020-12-20 00:05:45.357
2020-12-20 00:05:45,359 INFO 57043 [Job#1608393945358609561794269624143] /Users/Witte/Desktop/project/react-egg/server/app/schedule/get_info.js executing by app
2020-12-20 00:05:45,360 INFO 57043 [Job#1608393945358609561794269624143] /Users/Witte/Desktop/project/react-egg/server/app/schedule/get_info.js execute succeed, used 1ms. 
2020-12-20 00:05:45,359 INFO 56770 [Timer] /Users/Witte/Desktop/project/react-egg/server/app/schedule/get_info.js next time will execute after 3000ms at 2020-12-20 00:05:48.359
2020-12-20 00:05:48,363 INFO 57043 [Job#1608393948362609564798133202144] /Users/Witte/Desktop/project/react-egg/server/app/schedule/get_info.js executing by app
2020-12-20 00:05:48,364 INFO 57043 [Job#1608393948362609564798133202144] /Users/Witte/Desktop/project/react-egg/server/app/schedule/get_info.js execute succeed, used 1ms. 
2020-12-20 00:05:48,363 INFO 56770 [Timer] /Users/Witte/Desktop/project/react-egg/server/app/schedule/get_info.js next time will execute after 3000ms at 2020-12-20 00:05:51.362
2020-12-20 00:05:51,368 INFO 57043 [Job#1608393951367609567802962003145] /Users/Witte/Desktop/project/react-egg/server/app/schedule/get_info.js executing by app
2020-12-20 00:05:51,368 INFO 57043 [Job#1608393951367609567802962003145] /Users/Witte/Desktop/project/react-egg/server/app/schedule/get_info.js execute succeed, used 0ms. 
2020-12-20 00:05:51,367 INFO 56770 [Timer] /Users/Witte/Desktop/project/react-egg/server/app/schedule/get_info.js next time will execute after 3000ms at 2020-12-20 00:05:54.367
2020-12-20 00:05:54,370 INFO 57043 [Job#1608393954369609570805059302146] /Users/Witte/Desktop/project/react-egg/server/app/schedule/get_info.js executing by app
2020-12-20 00:05:54,370 INFO 57043 [Job#1608393954369609570805059302146] /Users/Witte/Desktop/project/react-egg/server/app/schedule/get_info.js execute succeed, used 0ms. 
2020-12-20 00:05:54,370 INFO 56770 [Timer] /Users/Witte/Desktop/project/react-egg/server/app/schedule/get_info.js next time will execute after 3000ms at 2020-12-20 00:05:57.370
2020-12-20 00:05:57,373 INFO 57043 [Job#1608393957372609573807416190147] /Users/Witte/Desktop/project/react-egg/server/app/schedule/get_info.js executing by app
2020-12-20 00:05:57,375 INFO 57043 [Job#1608393957372609573807416190147] /Users/Witte/Desktop/project/react-egg/server/app/schedule/get_info.js execute succeed, used 1ms. 
2020-12-20 00:05:57,372 INFO 56770 [Timer] /Users/Witte/Desktop/project/react-egg/server/app/schedule/get_info.js next time will execute after 3000ms at 2020-12-20 00:06:00.372
2020-12-20 00:06:00,378 INFO 57043 [Job#1608393960376609576811614400148] /Users/Witte/Desktop/project/react-egg/server/app/schedule/get_info.js executing by app
2020-12-20 00:06:00,379 INFO 57043 [Job#1608393960376609576811614400148] /Users/Witte/Desktop/project/react-egg/server/app/schedule/get_info.js execute succeed, used 1ms. 
2020-12-20 00:06:00,376 INFO 56770 [Timer] /Users/Witte/Desktop/project/react-egg/server/app/schedule/get_info.js next time will execute after 3000ms at 2020-12-20 00:06:03.376
2020-12-20 00:06:03,380 INFO 57043 [Job#1608393963379609579814183462149] /Users/Witte/Desktop/project/react-egg/server/app/schedule/get_info.js executing by app
2020-12-20 00:06:03,380 INFO 57043 [Job#1608393963379609579814183462149] /Users/Witte/Desktop/project/react-egg/server/app/schedule/get_info.js execute succeed, used 0ms. 
2020-12-20 00:06:03,379 INFO 56770 [Timer] /Users/Witte/Desktop/project/react-egg/server/app/schedule/get_info.js next time will execute after 3000ms at 2020-12-20 00:06:06.379
2020-12-20 00:06:06,385 INFO 57043 [Job#1608393966383609582818325126150] /Users/Witte/Desktop/project/react-egg/server/app/schedule/get_info.js executing by app
2020-12-20 00:06:06,386 INFO 57043 [Job#1608393966383609582818325126150] /Users/Witte/Desktop/project/react-egg/server/app/schedule/get_info.js execute succeed, used 0ms. 
2020-12-20 00:06:06,383 INFO 56770 [Timer] /Users/Witte/Desktop/project/react-egg/server/app/schedule/get_info.js next time will execute after 3000ms at 2020-12-20 00:06:09.383
2020-12-20 00:06:09,399 INFO 57043 [Job#1608393969388609585823369979151] /Users/Witte/Desktop/project/react-egg/server/app/schedule/get_info.js executing by app
2020-12-20 00:06:09,406 INFO 57043 [Job#1608393969388609585823369979151] /Users/Witte/Desktop/project/react-egg/server/app/schedule/get_info.js execute succeed, used 7ms. 
2020-12-20 00:06:09,388 INFO 56770 [Timer] /Users/Witte/Desktop/project/react-egg/server/app/schedule/get_info.js next time will execute after 3000ms at 2020-12-20 00:06:12.388
2020-12-20 00:06:12,393 INFO 57043 [Job#1608393972392609588827562290152] /Users/Witte/Desktop/project/react-egg/server/app/schedule/get_info.js executing by app
2020-12-20 00:06:12,393 INFO 57043 [Job#1608393972392609588827562290152] /Users/Witte/Desktop/project/react-egg/server/app/schedule/get_info.js execute succeed, used 0ms. 
2020-12-20 00:06:12,393 INFO 56770 [Timer] /Users/Witte/Desktop/project/react-egg/server/app/schedule/get_info.js next time will execute after 3000ms at 2020-12-20 00:06:15.393
2020-12-20 00:06:15,398 INFO 56770 [Timer] /Users/Witte/Desktop/project/react-egg/server/app/schedule/get_info.js next time will execute after 3000ms at 2020-12-20 00:06:18.398
2020-12-20 00:06:15,398 INFO 57043 [Job#1608393975398609591832788012153] /Users/Witte/Desktop/project/react-egg/server/app/schedule/get_info.js executing by app
2020-12-20 00:06:15,399 INFO 57043 [Job#1608393975398609591832788012153] /Users/Witte/Desktop/project/react-egg/server/app/schedule/get_info.js execute succeed, used 1ms. 
2020-12-20 00:06:18,399 INFO 56770 [Timer] /Users/Witte/Desktop/project/react-egg/server/app/schedule/get_info.js next time will execute after 3000ms at 2020-12-20 00:06:21.399
2020-12-20 00:06:18,399 INFO 57043 [Job#1608393978399609594833798413154] /Users/Witte/Desktop/project/react-egg/server/app/schedule/get_info.js executing by app
2020-12-20 00:06:18,400 INFO 57043 [Job#1608393978399609594833798413154] /Users/Witte/Desktop/project/react-egg/server/app/schedule/get_info.js execute succeed, used 1ms. 
2020-12-20 00:06:21,402 INFO 56770 [Timer] /Users/Witte/Desktop/project/react-egg/server/app/schedule/get_info.js next time will execute after 3000ms at 2020-12-20 00:06:24.402
2020-12-20 00:06:21,403 INFO 57043 [Job#1608393981402609597837064258155] /Users/Witte/Desktop/project/react-egg/server/app/schedule/get_info.js executing by app
2020-12-20 00:06:21,403 INFO 57043 [Job#1608393981402609597837064258155] /Users/Witte/Desktop/project/react-egg/server/app/schedule/get_info.js execute succeed, used 0ms. 
2020-12-20 00:06:24,406 INFO 57043 [Job#1608393984406609600840472472156] /Users/Witte/Desktop/project/react-egg/server/app/schedule/get_info.js executing by app
2020-12-20 00:06:24,407 INFO 57043 [Job#1608393984406609600840472472156] /Users/Witte/Desktop/project/react-egg/server/app/schedule/get_info.js execute succeed, used 1ms. 
2020-12-20 00:06:24,406 INFO 56770 [Timer] /Users/Witte/Desktop/project/react-egg/server/app/schedule/get_info.js next time will execute after 3000ms at 2020-12-20 00:06:27.406
2020-12-20 00:06:27,412 INFO 57043 [Job#1608393987410609603845118060157] /Users/Witte/Desktop/project/react-egg/server/app/schedule/get_info.js executing by app
2020-12-20 00:06:27,413 INFO 57043 [Job#1608393987410609603845118060157] /Users/Witte/Desktop/project/react-egg/server/app/schedule/get_info.js execute succeed, used 0ms. 
2020-12-20 00:06:27,411 INFO 56770 [Timer] /Users/Witte/Desktop/project/react-egg/server/app/schedule/get_info.js next time will execute after 3000ms at 2020-12-20 00:06:30.411
2020-12-20 00:06:30,414 INFO 56770 [Timer] /Users/Witte/Desktop/project/react-egg/server/app/schedule/get_info.js next time will execute after 3000ms at 2020-12-20 00:06:33.414
2020-12-20 00:06:30,416 INFO 57043 [Job#1608393990414609606848461160158] /Users/Witte/Desktop/project/react-egg/server/app/schedule/get_info.js executing by app
2020-12-20 00:06:30,416 INFO 57043 [Job#1608393990414609606848461160158] /Users/Witte/Desktop/project/react-egg/server/app/schedule/get_info.js execute succeed, used 0ms. 
2020-12-20 00:06:33,418 INFO 57043 [Job#1608393993417609609851464312159] /Users/Witte/Desktop/project/react-egg/server/app/schedule/get_info.js executing by app
2020-12-20 00:06:33,418 INFO 57043 [Job#1608393993417609609851464312159] /Users/Witte/Desktop/project/react-egg/server/app/schedule/get_info.js execute succeed, used 0ms. 
2020-12-20 00:06:33,417 INFO 56770 [Timer] /Users/Witte/Desktop/project/react-egg/server/app/schedule/get_info.js next time will execute after 3000ms at 2020-12-20 00:06:36.417
